\BOOKMARK [1][-]{section.1}{\376\377\000T\000a\000s\000k\000\040\0001\000:\000\040\000P\000o\000l\000i\000c\000y\000\040\000S\000e\000a\000r\000c\000h\000:\000\040\000R\000E\000I\000N\000F\000O\000R\000C\000E\000\040\000v\000s\000.\000\040\000G\000A\000\040\000[\0002\0000\000]}{}% 1
\BOOKMARK [2][-]{subsection.1.1}{\376\377\000Q\000u\000e\000s\000t\000i\000o\000n\000\040\0001\000:}{section.1}% 2
\BOOKMARK [2][-]{subsection.1.2}{\376\377\000Q\000u\000e\000s\000t\000i\000o\000n\000\040\0002\000:}{section.1}% 3
\BOOKMARK [3][-]{subsubsection.1.2.1}{\376\377\000C\000o\000n\000v\000e\000r\000g\000e\000n\000c\000e\000\040\000r\000a\000t\000e}{subsection.1.2}% 4
\BOOKMARK [3][-]{subsubsection.1.2.2}{\376\377\000S\000t\000a\000b\000i\000l\000i\000t\000y}{subsection.1.2}% 5
\BOOKMARK [3][-]{subsubsection.1.2.3}{\376\377\000P\000e\000r\000f\000o\000r\000m\000a\000n\000c\000e}{subsection.1.2}% 6
\BOOKMARK [2][-]{subsection.1.3}{\376\377\000Q\000u\000e\000s\000t\000i\000o\000n\000\040\0003\000:}{section.1}% 7
\BOOKMARK [1][-]{section.2}{\376\377\000T\000a\000s\000k\000\040\0002\000:\000\040\000R\000E\000I\000N\000F\000O\000R\000C\000E\000:\000\040\000B\000a\000s\000e\000l\000i\000n\000e\000\040\000v\000s\000.\000\040\000N\000o\000\040\000B\000a\000s\000e\000l\000i\000n\000e\000\040\000[\0002\0005\000]}{}% 8
\BOOKMARK [2][-]{subsection.2.1}{\376\377\000Q\000u\000e\000s\000t\000i\000o\000n\000\040\0001\000:}{section.2}% 9
\BOOKMARK [2][-]{subsection.2.2}{\376\377\000Q\000u\000e\000s\000t\000i\000o\000n\000\040\0002\000:}{section.2}% 10
\BOOKMARK [2][-]{subsection.2.3}{\376\377\000Q\000u\000e\000s\000t\000i\000o\000n\000\040\0003\000:}{section.2}% 11
\BOOKMARK [2][-]{subsection.2.4}{\376\377\000Q\000u\000e\000s\000t\000i\000o\000n\000\040\0004\000:}{section.2}% 12
\BOOKMARK [2][-]{subsection.2.5}{\376\377\000Q\000u\000e\000s\000t\000i\000o\000n\000\040\0005\000:}{section.2}% 13
\BOOKMARK [2][-]{subsection.2.6}{\376\377\000Q\000u\000e\000s\000t\000i\000o\000n\000\040\0006\000:}{section.2}% 14
\BOOKMARK [1][-]{section.3}{\376\377\000T\000a\000s\000k\000\040\0003\000:\000\040\000R\000E\000I\000N\000F\000O\000R\000C\000E\000\040\000i\000n\000\040\000a\000\040\000c\000o\000n\000t\000i\000n\000u\000o\000u\000s\000\040\000a\000c\000t\000i\000o\000n\000\040\000s\000p\000a\000c\000e\000\040\000[\0002\0000\000]}{}% 15
\BOOKMARK [2][-]{subsection.3.1}{\376\377\000Q\000u\000e\000s\000t\000i\000o\000n\000\040\0001\000:}{section.3}% 16
\BOOKMARK [2][-]{subsection.3.2}{\376\377\000Q\000u\000e\000s\000t\000i\000o\000n\000\040\0002\000:}{section.3}% 17
\BOOKMARK [2][-]{subsection.3.3}{\376\377\000Q\000u\000e\000s\000t\000i\000o\000n\000\040\0003\000:}{section.3}% 18
\BOOKMARK [1][-]{section.4}{\376\377\000T\000a\000s\000k\000\040\0004\000:\000\040\000P\000o\000l\000i\000c\000y\000\040\000G\000r\000a\000d\000i\000e\000n\000t\000\040\000D\000r\000a\000w\000b\000a\000c\000k\000s\000\040\000[\0002\0005\000]}{}% 19
\BOOKMARK [2][-]{subsection.4.1}{\376\377\000Q\000u\000e\000s\000t\000i\000o\000n\000\040\0001\000:}{section.4}% 20
\BOOKMARK [2][-]{subsection.4.2}{\376\377\000Q\000u\000e\000s\000t\000i\000o\000n\000\040\0002\000:}{section.4}% 21
\BOOKMARK [2][-]{subsection.4.3}{\376\377\000Q\000u\000e\000s\000t\000i\000o\000n\000\040\0003\000:}{section.4}% 22
